C:\BOOK\TCPSERVICE\TCPSERVICE\DEBUG\MAIN.OBJ
C:\BOOK\TCPSERVICE\TCPSERVICE\DEBUG\TCP_SERVER.OBJ
C:\BOOK\TCPSERVICE\TCPSERVICE\DEBUG\VC110.PDB
C:\BOOK\TCPSERVICE\DEBUG\TCPSERVICE.ILK
C:\BOOK\TCPSERVICE\DEBUG\TCPSERVICE.EXE
C:\BOOK\TCPSERVICE\DEBUG\TCPSERVICE.PDB
C:\book\TCPService\TCPService\Debug\main.obj
C:\book\TCPService\TCPService\Debug\tcp_server.obj
C:\book\TCPService\TCPService\Debug\cl.command.1.tlog
C:\book\TCPService\TCPService\Debug\CL.read.1.tlog
C:\book\TCPService\TCPService\Debug\CL.write.1.tlog
C:\book\TCPService\TCPService\Debug\link-cvtres.read.1.tlog
C:\book\TCPService\TCPService\Debug\link-cvtres.write.1.tlog
C:\book\TCPService\TCPService\Debug\link-rc.read.1.tlog
C:\book\TCPService\TCPService\Debug\link-rc.write.1.tlog
C:\book\TCPService\TCPService\Debug\link.12628-cvtres.read.1.tlog
C:\book\TCPService\TCPService\Debug\link.12628-cvtres.write.1.tlog
C:\book\TCPService\TCPService\Debug\link.12628-rc.read.1.tlog
C:\book\TCPService\TCPService\Debug\link.12628-rc.write.1.tlog
C:\book\TCPService\TCPService\Debug\link.12628.read.1.tlog
C:\book\TCPService\TCPService\Debug\link.12628.write.1.tlog
C:\book\TCPService\TCPService\Debug\link.13200-cvtres.read.1.tlog
C:\book\TCPService\TCPService\Debug\link.13200-cvtres.write.1.tlog
C:\book\TCPService\TCPService\Debug\link.13200-rc.read.1.tlog
C:\book\TCPService\TCPService\Debug\link.13200-rc.write.1.tlog
C:\book\TCPService\TCPService\Debug\link.13200.read.1.tlog
C:\book\TCPService\TCPService\Debug\link.13200.write.1.tlog
C:\book\TCPService\TCPService\Debug\link.13208-cvtres.read.1.tlog
C:\book\TCPService\TCPService\Debug\link.13208-cvtres.write.1.tlog
C:\book\TCPService\TCPService\Debug\link.13208-rc.read.1.tlog
C:\book\TCPService\TCPService\Debug\link.13208-rc.write.1.tlog
C:\book\TCPService\TCPService\Debug\link.13208.read.1.tlog
C:\book\TCPService\TCPService\Debug\link.13208.write.1.tlog
C:\book\TCPService\TCPService\Debug\link.16744-cvtres.read.1.tlog
C:\book\TCPService\TCPService\Debug\link.16744-cvtres.write.1.tlog
C:\book\TCPService\TCPService\Debug\link.16744-rc.read.1.tlog
C:\book\TCPService\TCPService\Debug\link.16744-rc.write.1.tlog
C:\book\TCPService\TCPService\Debug\link.16744.read.1.tlog
C:\book\TCPService\TCPService\Debug\link.16744.write.1.tlog
C:\book\TCPService\TCPService\Debug\link.17252-cvtres.read.1.tlog
C:\book\TCPService\TCPService\Debug\link.17252-cvtres.write.1.tlog
C:\book\TCPService\TCPService\Debug\link.17252-rc.read.1.tlog
C:\book\TCPService\TCPService\Debug\link.17252-rc.write.1.tlog
C:\book\TCPService\TCPService\Debug\link.17252.read.1.tlog
C:\book\TCPService\TCPService\Debug\link.17252.write.1.tlog
C:\book\TCPService\TCPService\Debug\link.17284-cvtres.read.1.tlog
C:\book\TCPService\TCPService\Debug\link.17284-cvtres.write.1.tlog
C:\book\TCPService\TCPService\Debug\link.17284-rc.read.1.tlog
C:\book\TCPService\TCPService\Debug\link.17284-rc.write.1.tlog
C:\book\TCPService\TCPService\Debug\link.17284.read.1.tlog
C:\book\TCPService\TCPService\Debug\link.17284.write.1.tlog
C:\book\TCPService\TCPService\Debug\link.1780-cvtres.read.1.tlog
C:\book\TCPService\TCPService\Debug\link.1780-cvtres.write.1.tlog
C:\book\TCPService\TCPService\Debug\link.1780-rc.read.1.tlog
C:\book\TCPService\TCPService\Debug\link.1780-rc.write.1.tlog
C:\book\TCPService\TCPService\Debug\link.1780.read.1.tlog
C:\book\TCPService\TCPService\Debug\link.1780.write.1.tlog
C:\book\TCPService\TCPService\Debug\link.18872-cvtres.read.1.tlog
C:\book\TCPService\TCPService\Debug\link.18872-cvtres.write.1.tlog
C:\book\TCPService\TCPService\Debug\link.18872-rc.read.1.tlog
C:\book\TCPService\TCPService\Debug\link.18872-rc.write.1.tlog
C:\book\TCPService\TCPService\Debug\link.18872.read.1.tlog
C:\book\TCPService\TCPService\Debug\link.18872.write.1.tlog
C:\book\TCPService\TCPService\Debug\link.19188-cvtres.read.1.tlog
C:\book\TCPService\TCPService\Debug\link.19188-cvtres.write.1.tlog
C:\book\TCPService\TCPService\Debug\link.19188-rc.read.1.tlog
C:\book\TCPService\TCPService\Debug\link.19188-rc.write.1.tlog
C:\book\TCPService\TCPService\Debug\link.19188.read.1.tlog
C:\book\TCPService\TCPService\Debug\link.19188.write.1.tlog
C:\book\TCPService\TCPService\Debug\link.2772-cvtres.read.1.tlog
C:\book\TCPService\TCPService\Debug\link.2772-cvtres.write.1.tlog
C:\book\TCPService\TCPService\Debug\link.2772-rc.read.1.tlog
C:\book\TCPService\TCPService\Debug\link.2772-rc.write.1.tlog
C:\book\TCPService\TCPService\Debug\link.2772.read.1.tlog
C:\book\TCPService\TCPService\Debug\link.2772.write.1.tlog
C:\book\TCPService\TCPService\Debug\link.command.1.tlog
C:\book\TCPService\TCPService\Debug\link.read.1.tlog
C:\book\TCPService\TCPService\Debug\link.write.1.tlog
C:\book\TCPService\TCPService\Debug\vc110.idb
C:\book\TCPService\TCPService\Debug\vc110.pdb
C:\book\TCPService\Debug\TCPService.pdb
C:\book\TCPService\Debug\TCPService.exe
C:\book\TCPService\Debug\TCPService.ilk
